C:\ricman\projects\RicMonitoringSolution\RicMonitoringAPI\RicMonitoringUI\dist\out-tsc\src\hmr.js
C:\ricman\projects\RicMonitoringSolution\RicMonitoringAPI\RicMonitoringUI\dist\out-tsc\src\hmr.js.map
C:\ricman\projects\RicMonitoringSolution\RicMonitoringAPI\RicMonitoringUI\dist\out-tsc\src\@fuse\services\config.service.js
C:\ricman\projects\RicMonitoringSolution\RicMonitoringAPI\RicMonitoringUI\dist\out-tsc\src\@fuse\services\config.service.js.map
C:\ricman\projects\RicMonitoringSolution\RicMonitoringAPI\RicMonitoringUI\dist\out-tsc\src\@fuse\fuse.module.js
C:\ricman\projects\RicMonitoringSolution\RicMonitoringAPI\RicMonitoringUI\dist\out-tsc\src\@fuse\fuse.module.js.map
C:\ricman\projects\RicMonitoringSolution\RicMonitoringAPI\RicMonitoringUI\dist\out-tsc\src\@fuse\directives\fuse-if-on-dom\fuse-if-on-dom.directive.js
C:\ricman\projects\RicMonitoringSolution\RicMonitoringAPI\RicMonitoringUI\dist\out-tsc\src\@fuse\directives\fuse-if-on-dom\fuse-if-on-dom.directive.js.map
C:\ricman\projects\RicMonitoringSolution\RicMonitoringAPI\RicMonitoringUI\dist\out-tsc\src\@fuse\services\match-media.service.js
C:\ricman\projects\RicMonitoringSolution\RicMonitoringAPI\RicMonitoringUI\dist\out-tsc\src\@fuse\services\match-media.service.js.map
C:\ricman\projects\RicMonitoringSolution\RicMonitoringAPI\RicMonitoringUI\dist\out-tsc\src\@fuse\directives\fuse-inner-scroll\fuse-inner-scroll.directive.js
C:\ricman\projects\RicMonitoringSolution\RicMonitoringAPI\RicMonitoringUI\dist\out-tsc\src\@fuse\directives\fuse-inner-scroll\fuse-inner-scroll.directive.js.map
C:\ricman\projects\RicMonitoringSolution\RicMonitoringAPI\RicMonitoringUI\dist\out-tsc\src\@fuse\directives\fuse-perfect-scrollbar\fuse-perfect-scrollbar.directive.js
C:\ricman\projects\RicMonitoringSolution\RicMonitoringAPI\RicMonitoringUI\dist\out-tsc\src\@fuse\directives\fuse-perfect-scrollbar\fuse-perfect-scrollbar.directive.js.map
C:\ricman\projects\RicMonitoringSolution\RicMonitoringAPI\RicMonitoringUI\dist\out-tsc\src\@fuse\directives\fuse-mat-sidenav\fuse-mat-sidenav.service.js
C:\ricman\projects\RicMonitoringSolution\RicMonitoringAPI\RicMonitoringUI\dist\out-tsc\src\@fuse\directives\fuse-mat-sidenav\fuse-mat-sidenav.service.js.map
C:\ricman\projects\RicMonitoringSolution\RicMonitoringAPI\RicMonitoringUI\dist\out-tsc\src\@fuse\directives\fuse-mat-sidenav\fuse-mat-sidenav.directive.js
C:\ricman\projects\RicMonitoringSolution\RicMonitoringAPI\RicMonitoringUI\dist\out-tsc\src\@fuse\directives\fuse-mat-sidenav\fuse-mat-sidenav.directive.js.map
C:\ricman\projects\RicMonitoringSolution\RicMonitoringAPI\RicMonitoringUI\dist\out-tsc\src\@fuse\directives\directives.js
C:\ricman\projects\RicMonitoringSolution\RicMonitoringAPI\RicMonitoringUI\dist\out-tsc\src\@fuse\directives\directives.js.map
C:\ricman\projects\RicMonitoringSolution\RicMonitoringAPI\RicMonitoringUI\dist\out-tsc\src\@fuse\pipes\keys.pipe.js
C:\ricman\projects\RicMonitoringSolution\RicMonitoringAPI\RicMonitoringUI\dist\out-tsc\src\@fuse\pipes\keys.pipe.js.map
C:\ricman\projects\RicMonitoringSolution\RicMonitoringAPI\RicMonitoringUI\dist\out-tsc\src\@fuse\pipes\getById.pipe.js
C:\ricman\projects\RicMonitoringSolution\RicMonitoringAPI\RicMonitoringUI\dist\out-tsc\src\@fuse\pipes\getById.pipe.js.map
C:\ricman\projects\RicMonitoringSolution\RicMonitoringAPI\RicMonitoringUI\dist\out-tsc\src\@fuse\pipes\htmlToPlaintext.pipe.js
C:\ricman\projects\RicMonitoringSolution\RicMonitoringAPI\RicMonitoringUI\dist\out-tsc\src\@fuse\pipes\htmlToPlaintext.pipe.js.map
C:\ricman\projects\RicMonitoringSolution\RicMonitoringAPI\RicMonitoringUI\dist\out-tsc\src\@fuse\utils\index.js
C:\ricman\projects\RicMonitoringSolution\RicMonitoringAPI\RicMonitoringUI\dist\out-tsc\src\@fuse\utils\index.js.map
C:\ricman\projects\RicMonitoringSolution\RicMonitoringAPI\RicMonitoringUI\dist\out-tsc\src\@fuse\pipes\filter.pipe.js
C:\ricman\projects\RicMonitoringSolution\RicMonitoringAPI\RicMonitoringUI\dist\out-tsc\src\@fuse\pipes\filter.pipe.js.map
C:\ricman\projects\RicMonitoringSolution\RicMonitoringAPI\RicMonitoringUI\dist\out-tsc\src\@fuse\pipes\camelCaseToDash.pipe.js
C:\ricman\projects\RicMonitoringSolution\RicMonitoringAPI\RicMonitoringUI\dist\out-tsc\src\@fuse\pipes\camelCaseToDash.pipe.js.map
C:\ricman\projects\RicMonitoringSolution\RicMonitoringAPI\RicMonitoringUI\dist\out-tsc\src\@fuse\pipes\pipes.module.js
C:\ricman\projects\RicMonitoringSolution\RicMonitoringAPI\RicMonitoringUI\dist\out-tsc\src\@fuse\pipes\pipes.module.js.map
C:\ricman\projects\RicMonitoringSolution\RicMonitoringAPI\RicMonitoringUI\dist\out-tsc\src\@fuse\shared.module.js
C:\ricman\projects\RicMonitoringSolution\RicMonitoringAPI\RicMonitoringUI\dist\out-tsc\src\@fuse\shared.module.js.map
C:\ricman\projects\RicMonitoringSolution\RicMonitoringAPI\RicMonitoringUI\dist\out-tsc\src\@fuse\components\confirm-dialog\confirm-dialog.component.js
C:\ricman\projects\RicMonitoringSolution\RicMonitoringAPI\RicMonitoringUI\dist\out-tsc\src\@fuse\components\confirm-dialog\confirm-dialog.component.js.map
C:\ricman\projects\RicMonitoringSolution\RicMonitoringAPI\RicMonitoringUI\dist\out-tsc\src\@fuse\components\confirm-dialog\confirm-dialog.module.js
C:\ricman\projects\RicMonitoringSolution\RicMonitoringAPI\RicMonitoringUI\dist\out-tsc\src\@fuse\components\confirm-dialog\confirm-dialog.module.js.map
C:\ricman\projects\RicMonitoringSolution\RicMonitoringAPI\RicMonitoringUI\dist\out-tsc\src\@fuse\components\countdown\countdown.component.js
C:\ricman\projects\RicMonitoringSolution\RicMonitoringAPI\RicMonitoringUI\dist\out-tsc\src\@fuse\components\countdown\countdown.component.js.map
C:\ricman\projects\RicMonitoringSolution\RicMonitoringAPI\RicMonitoringUI\dist\out-tsc\src\@fuse\components\countdown\countdown.module.js
C:\ricman\projects\RicMonitoringSolution\RicMonitoringAPI\RicMonitoringUI\dist\out-tsc\src\@fuse\components\countdown\countdown.module.js.map
C:\ricman\projects\RicMonitoringSolution\RicMonitoringAPI\RicMonitoringUI\dist\out-tsc\src\@fuse\components\demo\demo-content\demo-content.component.js
C:\ricman\projects\RicMonitoringSolution\RicMonitoringAPI\RicMonitoringUI\dist\out-tsc\src\@fuse\components\demo\demo-content\demo-content.component.js.map
C:\ricman\projects\RicMonitoringSolution\RicMonitoringAPI\RicMonitoringUI\dist\out-tsc\src\@fuse\components\demo\demo-sidebar\demo-sidebar.component.js
C:\ricman\projects\RicMonitoringSolution\RicMonitoringAPI\RicMonitoringUI\dist\out-tsc\src\@fuse\components\demo\demo-sidebar\demo-sidebar.component.js.map
C:\ricman\projects\RicMonitoringSolution\RicMonitoringAPI\RicMonitoringUI\dist\out-tsc\src\@fuse\components\demo\demo.module.js
C:\ricman\projects\RicMonitoringSolution\RicMonitoringAPI\RicMonitoringUI\dist\out-tsc\src\@fuse\components\demo\demo.module.js.map
C:\ricman\projects\RicMonitoringSolution\RicMonitoringAPI\RicMonitoringUI\dist\out-tsc\src\@fuse\components\highlight\prism-languages.js
C:\ricman\projects\RicMonitoringSolution\RicMonitoringAPI\RicMonitoringUI\dist\out-tsc\src\@fuse\components\highlight\prism-languages.js.map
C:\ricman\projects\RicMonitoringSolution\RicMonitoringAPI\RicMonitoringUI\dist\out-tsc\src\@fuse\components\highlight\highlight.component.js
C:\ricman\projects\RicMonitoringSolution\RicMonitoringAPI\RicMonitoringUI\dist\out-tsc\src\@fuse\components\highlight\highlight.component.js.map
C:\ricman\projects\RicMonitoringSolution\RicMonitoringAPI\RicMonitoringUI\dist\out-tsc\src\@fuse\components\highlight\highlight.module.js
C:\ricman\projects\RicMonitoringSolution\RicMonitoringAPI\RicMonitoringUI\dist\out-tsc\src\@fuse\components\highlight\highlight.module.js.map
C:\ricman\projects\RicMonitoringSolution\RicMonitoringAPI\RicMonitoringUI\dist\out-tsc\src\@fuse\animations\index.js
C:\ricman\projects\RicMonitoringSolution\RicMonitoringAPI\RicMonitoringUI\dist\out-tsc\src\@fuse\animations\index.js.map
C:\ricman\projects\RicMonitoringSolution\RicMonitoringAPI\RicMonitoringUI\dist\out-tsc\src\@fuse\mat-colors\index.js
C:\ricman\projects\RicMonitoringSolution\RicMonitoringAPI\RicMonitoringUI\dist\out-tsc\src\@fuse\mat-colors\index.js.map
C:\ricman\projects\RicMonitoringSolution\RicMonitoringAPI\RicMonitoringUI\dist\out-tsc\src\@fuse\components\material-color-picker\material-color-picker.component.js
C:\ricman\projects\RicMonitoringSolution\RicMonitoringAPI\RicMonitoringUI\dist\out-tsc\src\@fuse\components\material-color-picker\material-color-picker.component.js.map
C:\ricman\projects\RicMonitoringSolution\RicMonitoringAPI\RicMonitoringUI\dist\out-tsc\src\@fuse\components\material-color-picker\material-color-picker.module.js
C:\ricman\projects\RicMonitoringSolution\RicMonitoringAPI\RicMonitoringUI\dist\out-tsc\src\@fuse\components\material-color-picker\material-color-picker.module.js.map
C:\ricman\projects\RicMonitoringSolution\RicMonitoringAPI\RicMonitoringUI\dist\out-tsc\src\@fuse\types\fuse-config.js
C:\ricman\projects\RicMonitoringSolution\RicMonitoringAPI\RicMonitoringUI\dist\out-tsc\src\@fuse\types\fuse-config.js.map
C:\ricman\projects\RicMonitoringSolution\RicMonitoringAPI\RicMonitoringUI\dist\out-tsc\src\@fuse\types\fuse-navigation.js
C:\ricman\projects\RicMonitoringSolution\RicMonitoringAPI\RicMonitoringUI\dist\out-tsc\src\@fuse\types\fuse-navigation.js.map
C:\ricman\projects\RicMonitoringSolution\RicMonitoringAPI\RicMonitoringUI\dist\out-tsc\src\@fuse\types\index.js
C:\ricman\projects\RicMonitoringSolution\RicMonitoringAPI\RicMonitoringUI\dist\out-tsc\src\@fuse\types\index.js.map
C:\ricman\projects\RicMonitoringSolution\RicMonitoringAPI\RicMonitoringUI\dist\out-tsc\src\@fuse\components\navigation\navigation.service.js
C:\ricman\projects\RicMonitoringSolution\RicMonitoringAPI\RicMonitoringUI\dist\out-tsc\src\@fuse\components\navigation\navigation.service.js.map
C:\ricman\projects\RicMonitoringSolution\RicMonitoringAPI\RicMonitoringUI\dist\out-tsc\src\@fuse\components\navigation\navigation.component.js
C:\ricman\projects\RicMonitoringSolution\RicMonitoringAPI\RicMonitoringUI\dist\out-tsc\src\@fuse\components\navigation\navigation.component.js.map
C:\ricman\projects\RicMonitoringSolution\RicMonitoringAPI\RicMonitoringUI\dist\out-tsc\src\@fuse\components\navigation\vertical\item\item.component.js
C:\ricman\projects\RicMonitoringSolution\RicMonitoringAPI\RicMonitoringUI\dist\out-tsc\src\@fuse\components\navigation\vertical\item\item.component.js.map
C:\ricman\projects\RicMonitoringSolution\RicMonitoringAPI\RicMonitoringUI\dist\out-tsc\src\@fuse\components\navigation\vertical\collapsable\collapsable.component.js
C:\ricman\projects\RicMonitoringSolution\RicMonitoringAPI\RicMonitoringUI\dist\out-tsc\src\@fuse\components\navigation\vertical\collapsable\collapsable.component.js.map
C:\ricman\projects\RicMonitoringSolution\RicMonitoringAPI\RicMonitoringUI\dist\out-tsc\src\@fuse\components\navigation\vertical\group\group.component.js
C:\ricman\projects\RicMonitoringSolution\RicMonitoringAPI\RicMonitoringUI\dist\out-tsc\src\@fuse\components\navigation\vertical\group\group.component.js.map
C:\ricman\projects\RicMonitoringSolution\RicMonitoringAPI\RicMonitoringUI\dist\out-tsc\src\@fuse\components\navigation\horizontal\item\item.component.js
C:\ricman\projects\RicMonitoringSolution\RicMonitoringAPI\RicMonitoringUI\dist\out-tsc\src\@fuse\components\navigation\horizontal\item\item.component.js.map
C:\ricman\projects\RicMonitoringSolution\RicMonitoringAPI\RicMonitoringUI\dist\out-tsc\src\@fuse\components\navigation\horizontal\collapsable\collapsable.component.js
C:\ricman\projects\RicMonitoringSolution\RicMonitoringAPI\RicMonitoringUI\dist\out-tsc\src\@fuse\components\navigation\horizontal\collapsable\collapsable.component.js.map
C:\ricman\projects\RicMonitoringSolution\RicMonitoringAPI\RicMonitoringUI\dist\out-tsc\src\@fuse\components\navigation\navigation.module.js
C:\ricman\projects\RicMonitoringSolution\RicMonitoringAPI\RicMonitoringUI\dist\out-tsc\src\@fuse\components\navigation\navigation.module.js.map
C:\ricman\projects\RicMonitoringSolution\RicMonitoringAPI\RicMonitoringUI\dist\out-tsc\src\@fuse\components\progress-bar\progress-bar.service.js
C:\ricman\projects\RicMonitoringSolution\RicMonitoringAPI\RicMonitoringUI\dist\out-tsc\src\@fuse\components\progress-bar\progress-bar.service.js.map
C:\ricman\projects\RicMonitoringSolution\RicMonitoringAPI\RicMonitoringUI\dist\out-tsc\src\@fuse\components\progress-bar\progress-bar.component.js
C:\ricman\projects\RicMonitoringSolution\RicMonitoringAPI\RicMonitoringUI\dist\out-tsc\src\@fuse\components\progress-bar\progress-bar.component.js.map
C:\ricman\projects\RicMonitoringSolution\RicMonitoringAPI\RicMonitoringUI\dist\out-tsc\src\@fuse\components\progress-bar\progress-bar.module.js
C:\ricman\projects\RicMonitoringSolution\RicMonitoringAPI\RicMonitoringUI\dist\out-tsc\src\@fuse\components\progress-bar\progress-bar.module.js.map
C:\ricman\projects\RicMonitoringSolution\RicMonitoringAPI\RicMonitoringUI\dist\out-tsc\src\@fuse\components\search-bar\search-bar.component.js
C:\ricman\projects\RicMonitoringSolution\RicMonitoringAPI\RicMonitoringUI\dist\out-tsc\src\@fuse\components\search-bar\search-bar.component.js.map
C:\ricman\projects\RicMonitoringSolution\RicMonitoringAPI\RicMonitoringUI\dist\out-tsc\src\@fuse\components\search-bar\search-bar.module.js
C:\ricman\projects\RicMonitoringSolution\RicMonitoringAPI\RicMonitoringUI\dist\out-tsc\src\@fuse\components\search-bar\search-bar.module.js.map
C:\ricman\projects\RicMonitoringSolution\RicMonitoringAPI\RicMonitoringUI\dist\out-tsc\src\@fuse\components\shortcuts\shortcuts.component.js
C:\ricman\projects\RicMonitoringSolution\RicMonitoringAPI\RicMonitoringUI\dist\out-tsc\src\@fuse\components\shortcuts\shortcuts.component.js.map
C:\ricman\projects\RicMonitoringSolution\RicMonitoringAPI\RicMonitoringUI\dist\out-tsc\src\@fuse\components\shortcuts\shortcuts.module.js
C:\ricman\projects\RicMonitoringSolution\RicMonitoringAPI\RicMonitoringUI\dist\out-tsc\src\@fuse\components\shortcuts\shortcuts.module.js.map
C:\ricman\projects\RicMonitoringSolution\RicMonitoringAPI\RicMonitoringUI\dist\out-tsc\src\@fuse\components\sidebar\sidebar.service.js
C:\ricman\projects\RicMonitoringSolution\RicMonitoringAPI\RicMonitoringUI\dist\out-tsc\src\@fuse\components\sidebar\sidebar.service.js.map
C:\ricman\projects\RicMonitoringSolution\RicMonitoringAPI\RicMonitoringUI\dist\out-tsc\src\@fuse\components\sidebar\sidebar.component.js
C:\ricman\projects\RicMonitoringSolution\RicMonitoringAPI\RicMonitoringUI\dist\out-tsc\src\@fuse\components\sidebar\sidebar.component.js.map
C:\ricman\projects\RicMonitoringSolution\RicMonitoringAPI\RicMonitoringUI\dist\out-tsc\src\@fuse\components\sidebar\sidebar.module.js
C:\ricman\projects\RicMonitoringSolution\RicMonitoringAPI\RicMonitoringUI\dist\out-tsc\src\@fuse\components\sidebar\sidebar.module.js.map
C:\ricman\projects\RicMonitoringSolution\RicMonitoringAPI\RicMonitoringUI\dist\out-tsc\src\@fuse\components\theme-options\theme-options.component.js
C:\ricman\projects\RicMonitoringSolution\RicMonitoringAPI\RicMonitoringUI\dist\out-tsc\src\@fuse\components\theme-options\theme-options.component.js.map
C:\ricman\projects\RicMonitoringSolution\RicMonitoringAPI\RicMonitoringUI\dist\out-tsc\src\@fuse\components\theme-options\theme-options.module.js
C:\ricman\projects\RicMonitoringSolution\RicMonitoringAPI\RicMonitoringUI\dist\out-tsc\src\@fuse\components\theme-options\theme-options.module.js.map
C:\ricman\projects\RicMonitoringSolution\RicMonitoringAPI\RicMonitoringUI\dist\out-tsc\src\@fuse\components\widget\widget-toggle.directive.js
C:\ricman\projects\RicMonitoringSolution\RicMonitoringAPI\RicMonitoringUI\dist\out-tsc\src\@fuse\components\widget\widget-toggle.directive.js.map
C:\ricman\projects\RicMonitoringSolution\RicMonitoringAPI\RicMonitoringUI\dist\out-tsc\src\@fuse\components\widget\widget.component.js
C:\ricman\projects\RicMonitoringSolution\RicMonitoringAPI\RicMonitoringUI\dist\out-tsc\src\@fuse\components\widget\widget.component.js.map
C:\ricman\projects\RicMonitoringSolution\RicMonitoringAPI\RicMonitoringUI\dist\out-tsc\src\@fuse\components\widget\widget.module.js
C:\ricman\projects\RicMonitoringSolution\RicMonitoringAPI\RicMonitoringUI\dist\out-tsc\src\@fuse\components\widget\widget.module.js.map
C:\ricman\projects\RicMonitoringSolution\RicMonitoringAPI\RicMonitoringUI\dist\out-tsc\src\@fuse\components\index.js
C:\ricman\projects\RicMonitoringSolution\RicMonitoringAPI\RicMonitoringUI\dist\out-tsc\src\@fuse\components\index.js.map
C:\ricman\projects\RicMonitoringSolution\RicMonitoringAPI\RicMonitoringUI\dist\out-tsc\src\app\fuse-config\index.js
C:\ricman\projects\RicMonitoringSolution\RicMonitoringAPI\RicMonitoringUI\dist\out-tsc\src\app\fuse-config\index.js.map
C:\ricman\projects\RicMonitoringSolution\RicMonitoringAPI\RicMonitoringUI\dist\out-tsc\src\@fuse\services\splash-screen.service.js
C:\ricman\projects\RicMonitoringSolution\RicMonitoringAPI\RicMonitoringUI\dist\out-tsc\src\@fuse\services\splash-screen.service.js.map
C:\ricman\projects\RicMonitoringSolution\RicMonitoringAPI\RicMonitoringUI\dist\out-tsc\src\@fuse\services\translation-loader.service.js
C:\ricman\projects\RicMonitoringSolution\RicMonitoringAPI\RicMonitoringUI\dist\out-tsc\src\@fuse\services\translation-loader.service.js.map
C:\ricman\projects\RicMonitoringSolution\RicMonitoringAPI\RicMonitoringUI\dist\out-tsc\src\app\navigation\navigation.js
C:\ricman\projects\RicMonitoringSolution\RicMonitoringAPI\RicMonitoringUI\dist\out-tsc\src\app\navigation\navigation.js.map
C:\ricman\projects\RicMonitoringSolution\RicMonitoringAPI\RicMonitoringUI\dist\out-tsc\src\app\navigation\i18n\en.js
C:\ricman\projects\RicMonitoringSolution\RicMonitoringAPI\RicMonitoringUI\dist\out-tsc\src\app\navigation\i18n\en.js.map
C:\ricman\projects\RicMonitoringSolution\RicMonitoringAPI\RicMonitoringUI\dist\out-tsc\src\app\navigation\i18n\tr.js
C:\ricman\projects\RicMonitoringSolution\RicMonitoringAPI\RicMonitoringUI\dist\out-tsc\src\app\navigation\i18n\tr.js.map
C:\ricman\projects\RicMonitoringSolution\RicMonitoringAPI\RicMonitoringUI\dist\out-tsc\src\app\app.component.js
C:\ricman\projects\RicMonitoringSolution\RicMonitoringAPI\RicMonitoringUI\dist\out-tsc\src\app\app.component.js.map
C:\ricman\projects\RicMonitoringSolution\RicMonitoringAPI\RicMonitoringUI\dist\out-tsc\src\app\layout\components\content\content.component.js
C:\ricman\projects\RicMonitoringSolution\RicMonitoringAPI\RicMonitoringUI\dist\out-tsc\src\app\layout\components\content\content.component.js.map
C:\ricman\projects\RicMonitoringSolution\RicMonitoringAPI\RicMonitoringUI\dist\out-tsc\src\app\layout\components\content\content.module.js
C:\ricman\projects\RicMonitoringSolution\RicMonitoringAPI\RicMonitoringUI\dist\out-tsc\src\app\layout\components\content\content.module.js.map
C:\ricman\projects\RicMonitoringSolution\RicMonitoringAPI\RicMonitoringUI\dist\out-tsc\src\app\layout\components\footer\footer.component.js
C:\ricman\projects\RicMonitoringSolution\RicMonitoringAPI\RicMonitoringUI\dist\out-tsc\src\app\layout\components\footer\footer.component.js.map
C:\ricman\projects\RicMonitoringSolution\RicMonitoringAPI\RicMonitoringUI\dist\out-tsc\src\app\layout\components\footer\footer.module.js
C:\ricman\projects\RicMonitoringSolution\RicMonitoringAPI\RicMonitoringUI\dist\out-tsc\src\app\layout\components\footer\footer.module.js.map
C:\ricman\projects\RicMonitoringSolution\RicMonitoringAPI\RicMonitoringUI\dist\out-tsc\src\app\layout\components\navbar\navbar.component.js
C:\ricman\projects\RicMonitoringSolution\RicMonitoringAPI\RicMonitoringUI\dist\out-tsc\src\app\layout\components\navbar\navbar.component.js.map
C:\ricman\projects\RicMonitoringSolution\RicMonitoringAPI\RicMonitoringUI\dist\out-tsc\src\app\layout\components\navbar\horizontal\style-1\style-1.component.js
C:\ricman\projects\RicMonitoringSolution\RicMonitoringAPI\RicMonitoringUI\dist\out-tsc\src\app\layout\components\navbar\horizontal\style-1\style-1.component.js.map
C:\ricman\projects\RicMonitoringSolution\RicMonitoringAPI\RicMonitoringUI\dist\out-tsc\src\app\layout\components\navbar\horizontal\style-1\style-1.module.js
C:\ricman\projects\RicMonitoringSolution\RicMonitoringAPI\RicMonitoringUI\dist\out-tsc\src\app\layout\components\navbar\horizontal\style-1\style-1.module.js.map
C:\ricman\projects\RicMonitoringSolution\RicMonitoringAPI\RicMonitoringUI\dist\out-tsc\src\app\layout\components\navbar\vertical\style-1\style-1.component.js
C:\ricman\projects\RicMonitoringSolution\RicMonitoringAPI\RicMonitoringUI\dist\out-tsc\src\app\layout\components\navbar\vertical\style-1\style-1.component.js.map
C:\ricman\projects\RicMonitoringSolution\RicMonitoringAPI\RicMonitoringUI\dist\out-tsc\src\app\layout\components\navbar\vertical\style-1\style-1.module.js
C:\ricman\projects\RicMonitoringSolution\RicMonitoringAPI\RicMonitoringUI\dist\out-tsc\src\app\layout\components\navbar\vertical\style-1\style-1.module.js.map
C:\ricman\projects\RicMonitoringSolution\RicMonitoringAPI\RicMonitoringUI\dist\out-tsc\src\app\layout\components\navbar\vertical\style-2\style-2.component.js
C:\ricman\projects\RicMonitoringSolution\RicMonitoringAPI\RicMonitoringUI\dist\out-tsc\src\app\layout\components\navbar\vertical\style-2\style-2.component.js.map
C:\ricman\projects\RicMonitoringSolution\RicMonitoringAPI\RicMonitoringUI\dist\out-tsc\src\app\layout\components\navbar\vertical\style-2\style-2.module.js
C:\ricman\projects\RicMonitoringSolution\RicMonitoringAPI\RicMonitoringUI\dist\out-tsc\src\app\layout\components\navbar\vertical\style-2\style-2.module.js.map
C:\ricman\projects\RicMonitoringSolution\RicMonitoringAPI\RicMonitoringUI\dist\out-tsc\src\app\layout\components\navbar\navbar.module.js
C:\ricman\projects\RicMonitoringSolution\RicMonitoringAPI\RicMonitoringUI\dist\out-tsc\src\app\layout\components\navbar\navbar.module.js.map
C:\ricman\projects\RicMonitoringSolution\RicMonitoringAPI\RicMonitoringUI\dist\out-tsc\src\app\layout\components\quick-panel\quick-panel.component.js
C:\ricman\projects\RicMonitoringSolution\RicMonitoringAPI\RicMonitoringUI\dist\out-tsc\src\app\layout\components\quick-panel\quick-panel.component.js.map
C:\ricman\projects\RicMonitoringSolution\RicMonitoringAPI\RicMonitoringUI\dist\out-tsc\src\app\layout\components\quick-panel\quick-panel.module.js
C:\ricman\projects\RicMonitoringSolution\RicMonitoringAPI\RicMonitoringUI\dist\out-tsc\src\app\layout\components\quick-panel\quick-panel.module.js.map
C:\ricman\projects\RicMonitoringSolution\RicMonitoringAPI\RicMonitoringUI\dist\out-tsc\src\app\layout\components\toolbar\toolbar.component.js
C:\ricman\projects\RicMonitoringSolution\RicMonitoringAPI\RicMonitoringUI\dist\out-tsc\src\app\layout\components\toolbar\toolbar.component.js.map
C:\ricman\projects\RicMonitoringSolution\RicMonitoringAPI\RicMonitoringUI\dist\out-tsc\src\app\layout\components\toolbar\toolbar.module.js
C:\ricman\projects\RicMonitoringSolution\RicMonitoringAPI\RicMonitoringUI\dist\out-tsc\src\app\layout\components\toolbar\toolbar.module.js.map
C:\ricman\projects\RicMonitoringSolution\RicMonitoringAPI\RicMonitoringUI\dist\out-tsc\src\app\layout\vertical\layout-1\layout-1.component.js
C:\ricman\projects\RicMonitoringSolution\RicMonitoringAPI\RicMonitoringUI\dist\out-tsc\src\app\layout\vertical\layout-1\layout-1.component.js.map
C:\ricman\projects\RicMonitoringSolution\RicMonitoringAPI\RicMonitoringUI\dist\out-tsc\src\app\layout\vertical\layout-1\layout-1.module.js
C:\ricman\projects\RicMonitoringSolution\RicMonitoringAPI\RicMonitoringUI\dist\out-tsc\src\app\layout\vertical\layout-1\layout-1.module.js.map
C:\ricman\projects\RicMonitoringSolution\RicMonitoringAPI\RicMonitoringUI\dist\out-tsc\src\app\layout\vertical\layout-2\layout-2.component.js
C:\ricman\projects\RicMonitoringSolution\RicMonitoringAPI\RicMonitoringUI\dist\out-tsc\src\app\layout\vertical\layout-2\layout-2.component.js.map
C:\ricman\projects\RicMonitoringSolution\RicMonitoringAPI\RicMonitoringUI\dist\out-tsc\src\app\layout\vertical\layout-2\layout-2.module.js
C:\ricman\projects\RicMonitoringSolution\RicMonitoringAPI\RicMonitoringUI\dist\out-tsc\src\app\layout\vertical\layout-2\layout-2.module.js.map
C:\ricman\projects\RicMonitoringSolution\RicMonitoringAPI\RicMonitoringUI\dist\out-tsc\src\app\layout\vertical\layout-3\layout-3.component.js
C:\ricman\projects\RicMonitoringSolution\RicMonitoringAPI\RicMonitoringUI\dist\out-tsc\src\app\layout\vertical\layout-3\layout-3.component.js.map
C:\ricman\projects\RicMonitoringSolution\RicMonitoringAPI\RicMonitoringUI\dist\out-tsc\src\app\layout\vertical\layout-3\layout-3.module.js
C:\ricman\projects\RicMonitoringSolution\RicMonitoringAPI\RicMonitoringUI\dist\out-tsc\src\app\layout\vertical\layout-3\layout-3.module.js.map
C:\ricman\projects\RicMonitoringSolution\RicMonitoringAPI\RicMonitoringUI\dist\out-tsc\src\app\layout\horizontal\layout-1\layout-1.component.js
C:\ricman\projects\RicMonitoringSolution\RicMonitoringAPI\RicMonitoringUI\dist\out-tsc\src\app\layout\horizontal\layout-1\layout-1.component.js.map
C:\ricman\projects\RicMonitoringSolution\RicMonitoringAPI\RicMonitoringUI\dist\out-tsc\src\app\layout\horizontal\layout-1\layout-1.module.js
C:\ricman\projects\RicMonitoringSolution\RicMonitoringAPI\RicMonitoringUI\dist\out-tsc\src\app\layout\horizontal\layout-1\layout-1.module.js.map
C:\ricman\projects\RicMonitoringSolution\RicMonitoringAPI\RicMonitoringUI\dist\out-tsc\src\app\layout\layout.module.js
C:\ricman\projects\RicMonitoringSolution\RicMonitoringAPI\RicMonitoringUI\dist\out-tsc\src\app\layout\layout.module.js.map
C:\ricman\projects\RicMonitoringSolution\RicMonitoringAPI\RicMonitoringUI\dist\out-tsc\src\app\main\sample\i18n\en.js
C:\ricman\projects\RicMonitoringSolution\RicMonitoringAPI\RicMonitoringUI\dist\out-tsc\src\app\main\sample\i18n\en.js.map
C:\ricman\projects\RicMonitoringSolution\RicMonitoringAPI\RicMonitoringUI\dist\out-tsc\src\app\main\sample\i18n\tr.js
C:\ricman\projects\RicMonitoringSolution\RicMonitoringAPI\RicMonitoringUI\dist\out-tsc\src\app\main\sample\i18n\tr.js.map
C:\ricman\projects\RicMonitoringSolution\RicMonitoringAPI\RicMonitoringUI\dist\out-tsc\src\app\main\sample\sample.component.js
C:\ricman\projects\RicMonitoringSolution\RicMonitoringAPI\RicMonitoringUI\dist\out-tsc\src\app\main\sample\sample.component.js.map
C:\ricman\projects\RicMonitoringSolution\RicMonitoringAPI\RicMonitoringUI\dist\out-tsc\src\app\main\sample\sample.module.js
C:\ricman\projects\RicMonitoringSolution\RicMonitoringAPI\RicMonitoringUI\dist\out-tsc\src\app\main\sample\sample.module.js.map
C:\ricman\projects\RicMonitoringSolution\RicMonitoringAPI\RicMonitoringUI\dist\out-tsc\src\app\app.module.js
C:\ricman\projects\RicMonitoringSolution\RicMonitoringAPI\RicMonitoringUI\dist\out-tsc\src\app\app.module.js.map
C:\ricman\projects\RicMonitoringSolution\RicMonitoringAPI\RicMonitoringUI\dist\out-tsc\src\environments\environment.js
C:\ricman\projects\RicMonitoringSolution\RicMonitoringAPI\RicMonitoringUI\dist\out-tsc\src\environments\environment.js.map
C:\ricman\projects\RicMonitoringSolution\RicMonitoringAPI\RicMonitoringUI\dist\out-tsc\src\main.js
C:\ricman\projects\RicMonitoringSolution\RicMonitoringAPI\RicMonitoringUI\dist\out-tsc\src\main.js.map
C:\ricman\projects\RicMonitoringSolution\RicMonitoringAPI\RicMonitoringUI\dist\out-tsc\src\polyfills.js
C:\ricman\projects\RicMonitoringSolution\RicMonitoringAPI\RicMonitoringUI\dist\out-tsc\src\polyfills.js.map
C:\ricman\projects\RicMonitoringSolution\RicMonitoringAPI\RicMonitoringUI\dist\out-tsc\src\test.js
C:\ricman\projects\RicMonitoringSolution\RicMonitoringAPI\RicMonitoringUI\dist\out-tsc\src\test.js.map
C:\ricman\projects\RicMonitoringSolution\RicMonitoringAPI\RicMonitoringUI\dist\out-tsc\e2e\src\app.po.js
C:\ricman\projects\RicMonitoringSolution\RicMonitoringAPI\RicMonitoringUI\dist\out-tsc\e2e\src\app.po.js.map
C:\ricman\projects\RicMonitoringSolution\RicMonitoringAPI\RicMonitoringUI\dist\out-tsc\e2e\src\app.e2e-spec.js
C:\ricman\projects\RicMonitoringSolution\RicMonitoringAPI\RicMonitoringUI\dist\out-tsc\e2e\src\app.e2e-spec.js.map
C:\ricman\projects\RicMonitoringSolution\RicMonitoringAPI\RicMonitoringUI\dist\out-tsc\src\environments\api-controllers.js
C:\ricman\projects\RicMonitoringSolution\RicMonitoringAPI\RicMonitoringUI\dist\out-tsc\src\environments\api-controllers.js.map
C:\ricman\projects\RicMonitoringSolution\RicMonitoringAPI\RicMonitoringUI\dist\out-tsc\src\environments\environment.hmr.js
C:\ricman\projects\RicMonitoringSolution\RicMonitoringAPI\RicMonitoringUI\dist\out-tsc\src\environments\environment.hmr.js.map
C:\ricman\projects\RicMonitoringSolution\RicMonitoringAPI\RicMonitoringUI\dist\out-tsc\src\environments\environment.prod.js
C:\ricman\projects\RicMonitoringSolution\RicMonitoringAPI\RicMonitoringUI\dist\out-tsc\src\environments\environment.prod.js.map
C:\ricman\projects\RicMonitoringSolution\RicMonitoringAPI\RicMonitoringUI\dist\out-tsc\src\@fuse\services\copier.service.js
C:\ricman\projects\RicMonitoringSolution\RicMonitoringAPI\RicMonitoringUI\dist\out-tsc\src\@fuse\services\copier.service.js.map
C:\ricman\projects\RicMonitoringSolution\RicMonitoringAPI\RicMonitoringUI\dist\out-tsc\src\app\main\apps\app-ricmonitoring.module.js
C:\ricman\projects\RicMonitoringSolution\RicMonitoringAPI\RicMonitoringUI\dist\out-tsc\src\app\main\apps\app-ricmonitoring.module.js.map
C:\ricman\projects\RicMonitoringSolution\RicMonitoringAPI\RicMonitoringUI\dist\out-tsc\src\app\main\module\material.module.js
C:\ricman\projects\RicMonitoringSolution\RicMonitoringAPI\RicMonitoringUI\dist\out-tsc\src\app\main\module\material.module.js.map
C:\ricman\projects\RicMonitoringSolution\RicMonitoringAPI\RicMonitoringUI\dist\out-tsc\src\app\main\apps\common\show-errors.component.js
C:\ricman\projects\RicMonitoringSolution\RicMonitoringAPI\RicMonitoringUI\dist\out-tsc\src\app\main\apps\common\show-errors.component.js.map
C:\ricman\projects\RicMonitoringSolution\RicMonitoringAPI\RicMonitoringUI\dist\out-tsc\src\app\main\apps\common\services\lookup-type-items.service.js
C:\ricman\projects\RicMonitoringSolution\RicMonitoringAPI\RicMonitoringUI\dist\out-tsc\src\app\main\apps\common\services\lookup-type-items.service.js.map
C:\ricman\projects\RicMonitoringSolution\RicMonitoringAPI\RicMonitoringUI\dist\out-tsc\src\app\main\apps\online-booking\online-booking\online-booking.component.js
C:\ricman\projects\RicMonitoringSolution\RicMonitoringAPI\RicMonitoringUI\dist\out-tsc\src\app\main\apps\online-booking\online-booking\online-booking.component.js.map
C:\ricman\projects\RicMonitoringSolution\RicMonitoringAPI\RicMonitoringUI\dist\out-tsc\src\app\main\apps\online-booking\online-booking\online-booking.service.js
C:\ricman\projects\RicMonitoringSolution\RicMonitoringAPI\RicMonitoringUI\dist\out-tsc\src\app\main\apps\online-booking\online-booking\online-booking.service.js.map
C:\ricman\projects\RicMonitoringSolution\RicMonitoringAPI\RicMonitoringUI\dist\out-tsc\src\app\main\apps\online-booking\online-booking.module.js
C:\ricman\projects\RicMonitoringSolution\RicMonitoringAPI\RicMonitoringUI\dist\out-tsc\src\app\main\apps\online-booking\online-booking.module.js.map
C:\ricman\projects\RicMonitoringSolution\RicMonitoringAPI\RicMonitoringUI\dist\out-tsc\src\app\main\apps\rent-room\rooms\rooms.service.js
C:\ricman\projects\RicMonitoringSolution\RicMonitoringAPI\RicMonitoringUI\dist\out-tsc\src\app\main\apps\rent-room\rooms\rooms.service.js.map
C:\ricman\projects\RicMonitoringSolution\RicMonitoringAPI\RicMonitoringUI\dist\out-tsc\src\app\main\apps\rent-room\rooms\rooms.component.js
C:\ricman\projects\RicMonitoringSolution\RicMonitoringAPI\RicMonitoringUI\dist\out-tsc\src\app\main\apps\rent-room\rooms\rooms.component.js.map
C:\ricman\projects\RicMonitoringSolution\RicMonitoringAPI\RicMonitoringUI\dist\out-tsc\src\app\main\apps\rent-room\room\room.model.js
C:\ricman\projects\RicMonitoringSolution\RicMonitoringAPI\RicMonitoringUI\dist\out-tsc\src\app\main\apps\rent-room\room\room.model.js.map
C:\ricman\projects\RicMonitoringSolution\RicMonitoringAPI\RicMonitoringUI\dist\out-tsc\src\app\main\apps\rent-room\room\room.service.js
C:\ricman\projects\RicMonitoringSolution\RicMonitoringAPI\RicMonitoringUI\dist\out-tsc\src\app\main\apps\rent-room\room\room.service.js.map
C:\ricman\projects\RicMonitoringSolution\RicMonitoringAPI\RicMonitoringUI\dist\out-tsc\src\app\main\apps\rent-room\room\room.component.js
C:\ricman\projects\RicMonitoringSolution\RicMonitoringAPI\RicMonitoringUI\dist\out-tsc\src\app\main\apps\rent-room\room\room.component.js.map
C:\ricman\projects\RicMonitoringSolution\RicMonitoringAPI\RicMonitoringUI\dist\out-tsc\src\app\main\apps\rent-room\renters\renters.service.js
C:\ricman\projects\RicMonitoringSolution\RicMonitoringAPI\RicMonitoringUI\dist\out-tsc\src\app\main\apps\rent-room\renters\renters.service.js.map
C:\ricman\projects\RicMonitoringSolution\RicMonitoringAPI\RicMonitoringUI\dist\out-tsc\src\app\main\apps\rent-room\renters\renters.component.js
C:\ricman\projects\RicMonitoringSolution\RicMonitoringAPI\RicMonitoringUI\dist\out-tsc\src\app\main\apps\rent-room\renters\renters.component.js.map
C:\ricman\projects\RicMonitoringSolution\RicMonitoringAPI\RicMonitoringUI\dist\out-tsc\src\app\main\apps\rent-room\renter\renter.model.js
C:\ricman\projects\RicMonitoringSolution\RicMonitoringAPI\RicMonitoringUI\dist\out-tsc\src\app\main\apps\rent-room\renter\renter.model.js.map
C:\ricman\projects\RicMonitoringSolution\RicMonitoringAPI\RicMonitoringUI\dist\out-tsc\src\app\main\apps\rent-room\renter\renter.service.js
C:\ricman\projects\RicMonitoringSolution\RicMonitoringAPI\RicMonitoringUI\dist\out-tsc\src\app\main\apps\rent-room\renter\renter.service.js.map
C:\ricman\projects\RicMonitoringSolution\RicMonitoringAPI\RicMonitoringUI\dist\out-tsc\src\app\main\apps\rent-room\renter\renter.component.js
C:\ricman\projects\RicMonitoringSolution\RicMonitoringAPI\RicMonitoringUI\dist\out-tsc\src\app\main\apps\rent-room\renter\renter.component.js.map
C:\ricman\projects\RicMonitoringSolution\RicMonitoringAPI\RicMonitoringUI\dist\out-tsc\src\app\main\apps\rent-room\rent-transactions\rent-transactions.service.js
C:\ricman\projects\RicMonitoringSolution\RicMonitoringAPI\RicMonitoringUI\dist\out-tsc\src\app\main\apps\rent-room\rent-transactions\rent-transactions.service.js.map
C:\ricman\projects\RicMonitoringSolution\RicMonitoringAPI\RicMonitoringUI\dist\out-tsc\src\app\main\apps\rent-room\rent-transactions\rent-transactions.component.js
C:\ricman\projects\RicMonitoringSolution\RicMonitoringAPI\RicMonitoringUI\dist\out-tsc\src\app\main\apps\rent-room\rent-transactions\rent-transactions.component.js.map
C:\ricman\projects\RicMonitoringSolution\RicMonitoringAPI\RicMonitoringUI\dist\out-tsc\src\app\main\apps\rent-room\rent-transaction\rent-transaction.service.js
C:\ricman\projects\RicMonitoringSolution\RicMonitoringAPI\RicMonitoringUI\dist\out-tsc\src\app\main\apps\rent-room\rent-transaction\rent-transaction.service.js.map
C:\ricman\projects\RicMonitoringSolution\RicMonitoringAPI\RicMonitoringUI\dist\out-tsc\src\app\main\apps\rent-room\rent-room.module.js
C:\ricman\projects\RicMonitoringSolution\RicMonitoringAPI\RicMonitoringUI\dist\out-tsc\src\app\main\apps\rent-room\rent-room.module.js.map
C:\ricman\projects\RicMonitoringSolution\RicMonitoringAPI\RicMonitoringUI\dist\out-tsc\src\app\main\apps\rent-room\rent-transaction\rent-transaction.model.js
C:\ricman\projects\RicMonitoringSolution\RicMonitoringAPI\RicMonitoringUI\dist\out-tsc\src\app\main\apps\rent-room\rent-transaction\rent-transaction.model.js.map
C:\ricman\projects\RicMonitoringSolution\RicMonitoringAPI\RicMonitoringUI\dist\out-tsc\src\app\main\apps\rent-room\rent-transaction\rent-transaction.component.js
C:\ricman\projects\RicMonitoringSolution\RicMonitoringAPI\RicMonitoringUI\dist\out-tsc\src\app\main\apps\rent-room\rent-transaction\rent-transaction.component.js.map
